[     136ms] [LOG] %c[Vercel Speed Insights]%c [vitals] color: rgb(120, 120, 120) color: inherit {speed: 4g, metrics: Array(3), scriptVersion: 0.1.3, sdkName: @vercel/speed-insights/next, sdkVersion: 2.0.0} /_vercel/speed-insights/vitals @ http://localhost:3000/_next/static/chunks/node_modules_next_dist_115brz8._.js:2431
[     136ms] [LOG] %c[Vercel Speed Insights]%c [vitals] color: rgb(120, 120, 120) color: inherit {speed: 4g, metrics: Array(1), scriptVersion: 0.1.3, sdkName: @vercel/speed-insights/next, sdkVersion: 2.0.0} /_vercel/speed-insights/vitals @ http://localhost:3000/_next/static/chunks/node_modules_next_dist_115brz8._.js:2431
[     181ms] [INFO] %cDownload the React DevTools for a better development experience: https://react.dev/link/react-devtools font-weight:bold @ http://localhost:3000/_next/static/chunks/node_modules_next_dist_115brz8._.js:2431
[     220ms] [LOG] [HMR] connected @ http://localhost:3000/_next/static/chunks/node_modules_next_dist_115brz8._.js:2431
[     277ms] [LOG] %c[Vercel Web Analytics]%c Debug mode is enabled by default in development. No requests will be sent to the server. color: rgb(120, 120, 120) color: inherit @ http://localhost:3000/_next/static/chunks/node_modules_next_dist_115brz8._.js:2431
[     277ms] [LOG] %c[Vercel Web Analytics]%c [view] http://localhost:3000/en/sky color: rgb(120, 120, 120) color: inherit {o: http://localhost:3000/en/sky, sv: 0.1.3, sdkn: @vercel/analytics/react, sdkv: 2.0.1, ts: 1777151020164} /_vercel/insights/view @ http://localhost:3000/_next/static/chunks/node_modules_next_dist_115brz8._.js:2431
[     610ms] [LOG] %c[Vercel Speed Insights]%c Debug mode is enabled by default in development. No requests will be sent to the server. color: rgb(120, 120, 120) color: inherit @ http://localhost:3000/_next/static/chunks/node_modules_next_dist_115brz8._.js:2431
[   10767ms] [LOG] [Fast Refresh] rebuilding @ http://localhost:3000/_next/static/chunks/node_modules_next_dist_115brz8._.js:2431
[   10819ms] [LOG] [Fast Refresh] done in 153ms @ http://localhost:3000/_next/static/chunks/node_modules_next_dist_115brz8._.js:2431
[   13881ms] [LOG] [Fast Refresh] rebuilding @ http://localhost:3000/_next/static/chunks/node_modules_next_dist_115brz8._.js:2431
[   13890ms] [LOG] [Fast Refresh] done in 110ms @ http://localhost:3000/_next/static/chunks/node_modules_next_dist_115brz8._.js:2431
[   13991ms] [LOG] [Fast Refresh] rebuilding @ http://localhost:3000/_next/static/chunks/node_modules_next_dist_115brz8._.js:2431
[   14058ms] [LOG] [Fast Refresh] done in 168ms @ http://localhost:3000/_next/static/chunks/node_modules_next_dist_115brz8._.js:2431
[   31067ms] [LOG] [Fast Refresh] rebuilding @ http://localhost:3000/_next/static/chunks/node_modules_next_dist_115brz8._.js:2431
[   31238ms] [LOG] [Fast Refresh] done in 251ms @ http://localhost:3000/_next/static/chunks/node_modules_next_dist_115brz8._.js:2431
[   55256ms] [LOG] [Fast Refresh] rebuilding @ http://localhost:3000/_next/static/chunks/node_modules_next_dist_115brz8._.js:2431
[   55304ms] [ERROR] %o

%s ReferenceError: transformStr is not defined
    at LiveSkyMap (http://localhost:3000/_next/static/chunks/src_06wjuly._.js?id=%255Bproject%255D%252Fsrc%252Fcomponents%252Fsky%252FLiveSkyMap.tsx+%255Bapp-client%255D+%2528ecmascript%2529:1515:44)
    at Object.react_stack_bottom_frame (http://localhost:3000/_next/static/chunks/node_modules_next_dist_compiled_react-dom_058-ah~._.js:15037:24)
    at renderWithHooks (http://localhost:3000/_next/static/chunks/node_modules_next_dist_compiled_react-dom_058-ah~._.js:4620:24)
    at updateFunctionComponent (http://localhost:3000/_next/static/chunks/node_modules_next_dist_compiled_react-dom_058-ah~._.js:6081:21)
    at beginWork (http://localhost:3000/_next/static/chunks/node_modules_next_dist_compiled_react-dom_058-ah~._.js:6691:24)
    at runWithFiberInDEV (http://localhost:3000/_next/static/chunks/node_modules_next_dist_compiled_react-dom_058-ah~._.js:965:74)
    at performUnitOfWork (http://localhost:3000/_next/static/chunks/node_modules_next_dist_compiled_react-dom_058-ah~._.js:9555:97)
    at workLoopSync (http://localhost:3000/_next/static/chunks/node_modules_next_dist_compiled_react-dom_058-ah~._.js:9449:40)
    at renderRootSync (http://localhost:3000/_next/static/chunks/node_modules_next_dist_compiled_react-dom_058-ah~._.js:9433:13)
    at performWorkOnRoot (http://localhost:3000/_next/static/chunks/node_modules_next_dist_compiled_react-dom_058-ah~._.js:9098:47)
    at performSyncWorkOnRoot (http://localhost:3000/_next/static/chunks/node_modules_next_dist_compiled_react-dom_058-ah~._.js:10263:9)
    at flushSyncWorkAcrossRoots_impl (http://localhost:3000/_next/static/chunks/node_modules_next_dist_compiled_react-dom_058-ah~._.js:10179:316)
    at flushSyncWork$1 (http://localhost:3000/_next/static/chunks/node_modules_next_dist_compiled_react-dom_058-ah~._.js:9230:86)
    at Object.scheduleRefresh (http://localhost:3000/_next/static/chunks/node_modules_next_dist_compiled_react-dom_058-ah~._.js:299:13)
    at http://localhost:3000/_next/static/chunks/node_modules_next_dist_compiled_0rpq4pf._.js:391:33
    at Set.forEach (<anonymous>)
    at Object.performReactRefresh (http://localhost:3000/_next/static/chunks/node_modules_next_dist_compiled_0rpq4pf._.js:384:38)
    at applyUpdate (http://localhost:3000/_next/static/chunks/node_modules_next_dist_compiled_0rpq4pf._.js:878:31)
    at http://localhost:3000/_next/static/chunks/node_modules_next_dist_compiled_0rpq4pf._.js:886:13 The above error occurred in the <LiveSkyMap> component. It was handled by the <ErrorBoundaryHandler> error boundary. @ http://localhost:3000/_next/static/chunks/node_modules_next_dist_client_0fhqo1d._.js:1998
[   55311ms] [ERROR] Page error: ReferenceError: transformStr is not defined
    at LiveSkyMap (http://localhost:3000/_next/static/chunks/src_06wjuly._.js?id=%255Bproject%255D%252Fsrc%252Fcomponents%252Fsky%252FLiveSkyMap.tsx+%255Bapp-client%255D+%2528ecmascript%2529:1515:44)
    at Object.react_stack_bottom_frame (http://localhost:3000/_next/static/chunks/node_modules_next_dist_compiled_react-dom_058-ah~._.js:15037:24)
    at renderWithHooks (http://localhost:3000/_next/static/chunks/node_modules_next_dist_compiled_react-dom_058-ah~._.js:4620:24)
    at updateFunctionComponent (http://localhost:3000/_next/static/chunks/node_modules_next_dist_compiled_react-dom_058-ah~._.js:6081:21)
    at beginWork (http://localhost:3000/_next/static/chunks/node_modules_next_dist_compiled_react-dom_058-ah~._.js:6691:24)
    at runWithFiberInDEV (http://localhost:3000/_next/static/chunks/node_modules_next_dist_compiled_react-dom_058-ah~._.js:965:74)
    at performUnitOfWork (http://localhost:3000/_next/static/chunks/node_modules_next_dist_compiled_react-dom_058-ah~._.js:9555:97)
    at workLoopSync (http://localhost:3000/_next/static/chunks/node_modules_next_dist_compiled_react-dom_058-ah~._.js:9449:40)
    at renderRootSync (http://localhost:3000/_next/static/chunks/node_modules_next_dist_compiled_react-dom_058-ah~._.js:9433:13)
    at performWorkOnRoot (http://localhost:3000/_next/static/chunks/node_modules_next_dist_compiled_react-dom_058-ah~._.js:9098:47)
    at performSyncWorkOnRoot (http://localhost:3000/_next/static/chunks/node_modules_next_dist_compiled_react-dom_058-ah~._.js:10263:9)
    at flushSyncWorkAcrossRoots_impl (http://localhost:3000/_next/static/chunks/node_modules_next_dist_compiled_react-dom_058-ah~._.js:10179:316)
    at flushSyncWork$1 (http://localhost:3000/_next/static/chunks/node_modules_next_dist_compiled_react-dom_058-ah~._.js:9230:86)
    at Object.scheduleRefresh (http://localhost:3000/_next/static/chunks/node_modules_next_dist_compiled_react-dom_058-ah~._.js:299:13)
    at http://localhost:3000/_next/static/chunks/node_modules_next_dist_compiled_0rpq4pf._.js:391:33
    at Set.forEach (<anonymous>)
    at Object.performReactRefresh (http://localhost:3000/_next/static/chunks/node_modules_next_dist_compiled_0rpq4pf._.js:384:38)
    at applyUpdate (http://localhost:3000/_next/static/chunks/node_modules_next_dist_compiled_0rpq4pf._.js:878:31)
    at http://localhost:3000/_next/static/chunks/node_modules_next_dist_compiled_0rpq4pf._.js:886:13 @ http://localhost:3000/_next/static/chunks/node_modules_next_dist_115brz8._.js:3272
[   55311ms] [ERROR] Page error: ReferenceError: transformStr is not defined
    at LiveSkyMap (http://localhost:3000/_next/static/chunks/src_06wjuly._.js?id=%255Bproject%255D%252Fsrc%252Fcomponents%252Fsky%252FLiveSkyMap.tsx+%255Bapp-client%255D+%2528ecmascript%2529:1515:44)
    at Object.react_stack_bottom_frame (http://localhost:3000/_next/static/chunks/node_modules_next_dist_compiled_react-dom_058-ah~._.js:15037:24)
    at renderWithHooks (http://localhost:3000/_next/static/chunks/node_modules_next_dist_compiled_react-dom_058-ah~._.js:4620:24)
    at updateFunctionComponent (http://localhost:3000/_next/static/chunks/node_modules_next_dist_compiled_react-dom_058-ah~._.js:6081:21)
    at beginWork (http://localhost:3000/_next/static/chunks/node_modules_next_dist_compiled_react-dom_058-ah~._.js:6691:24)
    at runWithFiberInDEV (http://localhost:3000/_next/static/chunks/node_modules_next_dist_compiled_react-dom_058-ah~._.js:965:74)
    at performUnitOfWork (http://localhost:3000/_next/static/chunks/node_modules_next_dist_compiled_react-dom_058-ah~._.js:9555:97)
    at workLoopSync (http://localhost:3000/_next/static/chunks/node_modules_next_dist_compiled_react-dom_058-ah~._.js:9449:40)
    at renderRootSync (http://localhost:3000/_next/static/chunks/node_modules_next_dist_compiled_react-dom_058-ah~._.js:9433:13)
    at performWorkOnRoot (http://localhost:3000/_next/static/chunks/node_modules_next_dist_compiled_react-dom_058-ah~._.js:9098:47)
    at performSyncWorkOnRoot (http://localhost:3000/_next/static/chunks/node_modules_next_dist_compiled_react-dom_058-ah~._.js:10263:9)
    at flushSyncWorkAcrossRoots_impl (http://localhost:3000/_next/static/chunks/node_modules_next_dist_compiled_react-dom_058-ah~._.js:10179:316)
    at flushSyncWork$1 (http://localhost:3000/_next/static/chunks/node_modules_next_dist_compiled_react-dom_058-ah~._.js:9230:86)
    at Object.scheduleRefresh (http://localhost:3000/_next/static/chunks/node_modules_next_dist_compiled_react-dom_058-ah~._.js:299:13)
    at http://localhost:3000/_next/static/chunks/node_modules_next_dist_compiled_0rpq4pf._.js:391:33
    at Set.forEach (<anonymous>)
    at Object.performReactRefresh (http://localhost:3000/_next/static/chunks/node_modules_next_dist_compiled_0rpq4pf._.js:384:38)
    at applyUpdate (http://localhost:3000/_next/static/chunks/node_modules_next_dist_compiled_0rpq4pf._.js:878:31)
    at http://localhost:3000/_next/static/chunks/node_modules_next_dist_compiled_0rpq4pf._.js:886:13 @ http://localhost:3000/_next/static/chunks/node_modules_next_dist_115brz8._.js:3272
[   55316ms] [LOG] [Fast Refresh] done in 138ms @ http://localhost:3000/_next/static/chunks/node_modules_next_dist_115brz8._.js:2431
[   56052ms] [LOG] [Fast Refresh] rebuilding @ http://localhost:3000/_next/static/chunks/node_modules_next_dist_115brz8._.js:2431
[   56285ms] [LOG] [Fast Refresh] done in 335ms @ http://localhost:3000/_next/static/chunks/node_modules_next_dist_115brz8._.js:2431
[   56391ms] [LOG] [Fast Refresh] rebuilding @ http://localhost:3000/_next/static/chunks/node_modules_next_dist_115brz8._.js:2431
[   56569ms] [LOG] [Fast Refresh] done in 278ms @ http://localhost:3000/_next/static/chunks/node_modules_next_dist_115brz8._.js:2431
[   58542ms] [LOG] [Fast Refresh] rebuilding @ http://localhost:3000/_next/static/chunks/node_modules_next_dist_115brz8._.js:2431
[   58706ms] [LOG] [Fast Refresh] done in 244ms @ http://localhost:3000/_next/static/chunks/node_modules_next_dist_115brz8._.js:2431
[   64354ms] [LOG] [Fast Refresh] rebuilding @ http://localhost:3000/_next/static/chunks/node_modules_next_dist_115brz8._.js:2431
[   64403ms] [LOG] [Fast Refresh] done in 151ms @ http://localhost:3000/_next/static/chunks/node_modules_next_dist_115brz8._.js:2431
[   65676ms] [LOG] [Fast Refresh] rebuilding @ http://localhost:3000/_next/static/chunks/node_modules_next_dist_115brz8._.js:2431
[   65742ms] [ERROR] %o

%s ReferenceError: transformStr is not defined
    at LiveSkyMap (http://localhost:3000/_next/static/chunks/src_06wjuly._.js?id=%255Bproject%255D%252Fsrc%252Fcomponents%252Fsky%252FLiveSkyMap.tsx+%255Bapp-client%255D+%2528ecmascript%2529:1515:44)
    at Object.react_stack_bottom_frame (http://localhost:3000/_next/static/chunks/node_modules_next_dist_compiled_react-dom_058-ah~._.js:15037:24)
    at renderWithHooks (http://localhost:3000/_next/static/chunks/node_modules_next_dist_compiled_react-dom_058-ah~._.js:4620:24)
    at updateFunctionComponent (http://localhost:3000/_next/static/chunks/node_modules_next_dist_compiled_react-dom_058-ah~._.js:6081:21)
    at beginWork (http://localhost:3000/_next/static/chunks/node_modules_next_dist_compiled_react-dom_058-ah~._.js:6691:24)
    at runWithFiberInDEV (http://localhost:3000/_next/static/chunks/node_modules_next_dist_compiled_react-dom_058-ah~._.js:965:74)
    at performUnitOfWork (http://localhost:3000/_next/static/chunks/node_modules_next_dist_compiled_react-dom_058-ah~._.js:9555:97)
    at workLoopSync (http://localhost:3000/_next/static/chunks/node_modules_next_dist_compiled_react-dom_058-ah~._.js:9449:40)
    at renderRootSync (http://localhost:3000/_next/static/chunks/node_modules_next_dist_compiled_react-dom_058-ah~._.js:9433:13)
    at performWorkOnRoot (http://localhost:3000/_next/static/chunks/node_modules_next_dist_compiled_react-dom_058-ah~._.js:9098:47)
    at performWorkOnRootViaSchedulerTask (http://localhost:3000/_next/static/chunks/node_modules_next_dist_compiled_react-dom_058-ah~._.js:10255:9)
    at MessagePort.performWorkUntilDeadline (http://localhost:3000/_next/static/chunks/node_modules_next_dist_compiled_0rpq4pf._.js:2647:64) The above error occurred in the <LiveSkyMap> component. It was handled by the <ErrorBoundaryHandler> error boundary. @ http://localhost:3000/_next/static/chunks/node_modules_next_dist_client_0fhqo1d._.js:1998
[   65744ms] [ERROR] Page error: ReferenceError: transformStr is not defined
    at LiveSkyMap (http://localhost:3000/_next/static/chunks/src_06wjuly._.js?id=%255Bproject%255D%252Fsrc%252Fcomponents%252Fsky%252FLiveSkyMap.tsx+%255Bapp-client%255D+%2528ecmascript%2529:1515:44)
    at Object.react_stack_bottom_frame (http://localhost:3000/_next/static/chunks/node_modules_next_dist_compiled_react-dom_058-ah~._.js:15037:24)
    at renderWithHooks (http://localhost:3000/_next/static/chunks/node_modules_next_dist_compiled_react-dom_058-ah~._.js:4620:24)
    at updateFunctionComponent (http://localhost:3000/_next/static/chunks/node_modules_next_dist_compiled_react-dom_058-ah~._.js:6081:21)
    at beginWork (http://localhost:3000/_next/static/chunks/node_modules_next_dist_compiled_react-dom_058-ah~._.js:6691:24)
    at runWithFiberInDEV (http://localhost:3000/_next/static/chunks/node_modules_next_dist_compiled_react-dom_058-ah~._.js:965:74)
    at performUnitOfWork (http://localhost:3000/_next/static/chunks/node_modules_next_dist_compiled_react-dom_058-ah~._.js:9555:97)
    at workLoopSync (http://localhost:3000/_next/static/chunks/node_modules_next_dist_compiled_react-dom_058-ah~._.js:9449:40)
    at renderRootSync (http://localhost:3000/_next/static/chunks/node_modules_next_dist_compiled_react-dom_058-ah~._.js:9433:13)
    at performWorkOnRoot (http://localhost:3000/_next/static/chunks/node_modules_next_dist_compiled_react-dom_058-ah~._.js:9098:47)
    at performWorkOnRootViaSchedulerTask (http://localhost:3000/_next/static/chunks/node_modules_next_dist_compiled_react-dom_058-ah~._.js:10255:9)
    at MessagePort.performWorkUntilDeadline (http://localhost:3000/_next/static/chunks/node_modules_next_dist_compiled_0rpq4pf._.js:2647:64) @ http://localhost:3000/_next/static/chunks/node_modules_next_dist_115brz8._.js:3272
[   65744ms] [ERROR] Page error: ReferenceError: transformStr is not defined
    at LiveSkyMap (http://localhost:3000/_next/static/chunks/src_06wjuly._.js?id=%255Bproject%255D%252Fsrc%252Fcomponents%252Fsky%252FLiveSkyMap.tsx+%255Bapp-client%255D+%2528ecmascript%2529:1515:44)
    at Object.react_stack_bottom_frame (http://localhost:3000/_next/static/chunks/node_modules_next_dist_compiled_react-dom_058-ah~._.js:15037:24)
    at renderWithHooks (http://localhost:3000/_next/static/chunks/node_modules_next_dist_compiled_react-dom_058-ah~._.js:4620:24)
    at updateFunctionComponent (http://localhost:3000/_next/static/chunks/node_modules_next_dist_compiled_react-dom_058-ah~._.js:6081:21)
    at beginWork (http://localhost:3000/_next/static/chunks/node_modules_next_dist_compiled_react-dom_058-ah~._.js:6691:24)
    at runWithFiberInDEV (http://localhost:3000/_next/static/chunks/node_modules_next_dist_compiled_react-dom_058-ah~._.js:965:74)
    at performUnitOfWork (http://localhost:3000/_next/static/chunks/node_modules_next_dist_compiled_react-dom_058-ah~._.js:9555:97)
    at workLoopSync (http://localhost:3000/_next/static/chunks/node_modules_next_dist_compiled_react-dom_058-ah~._.js:9449:40)
    at renderRootSync (http://localhost:3000/_next/static/chunks/node_modules_next_dist_compiled_react-dom_058-ah~._.js:9433:13)
    at performWorkOnRoot (http://localhost:3000/_next/static/chunks/node_modules_next_dist_compiled_react-dom_058-ah~._.js:9098:47)
    at performWorkOnRootViaSchedulerTask (http://localhost:3000/_next/static/chunks/node_modules_next_dist_compiled_react-dom_058-ah~._.js:10255:9)
    at MessagePort.performWorkUntilDeadline (http://localhost:3000/_next/static/chunks/node_modules_next_dist_compiled_0rpq4pf._.js:2647:64) @ http://localhost:3000/_next/static/chunks/node_modules_next_dist_115brz8._.js:3272
[   65797ms] [LOG] [Fast Refresh] done in 149ms @ http://localhost:3000/_next/static/chunks/node_modules_next_dist_115brz8._.js:2431
[   80799ms] [LOG] [Fast Refresh] rebuilding @ http://localhost:3000/_next/static/chunks/node_modules_next_dist_115brz8._.js:2431
[   80865ms] [LOG] [Fast Refresh] done in 153ms @ http://localhost:3000/_next/static/chunks/node_modules_next_dist_115brz8._.js:2431
[   95091ms] [LOG] [Fast Refresh] rebuilding @ http://localhost:3000/_next/static/chunks/node_modules_next_dist_115brz8._.js:2431
[   95427ms] [ERROR] ./src/components/sky/LiveSkyMap.tsx:1108:13
Expected ',', got '{'
  1106 |           </div>{/* end controls row */}
  1107 |         </div>{/* end time animation controls */}
> 1108 |       </div>{/* end chart container */}
       |             ^
  1109 |
  1110 |       {/* Planet info panel — overlaid on bottom-left of the chart */}
  1111 |       {selectedPlanet && (

Parsing ecmascript source code failed

Import traces:
  Client Component Browser:
    ./src/components/sky/LiveSkyMap.tsx [Client Component Browser]
    ./src/app/[locale]/sky/page.tsx [Client Component Browser]
    ./src/app/[locale]/sky/page.tsx [Server Component]

  Client Component SSR:
    ./src/components/sky/LiveSkyMap.tsx [Client Component SSR]
    ./src/app/[locale]/sky/page.tsx [Client Component SSR]
    ./src/app/[locale]/sky/page.tsx [Server Component] @ http://localhost:3000/_next/static/chunks/node_modules_next_dist_115brz8._.js:3272
[   95485ms] [ERROR] Failed to load resource: the server responded with a status of 500 (Internal Server Error) @ http://localhost:3000/en/sky?_rsc=1kvrf:0
[   95494ms] [ERROR] ./src/components/sky/LiveSkyMap.tsx:1108:13
Expected ',', got '{'
  1106 |           </div>{/* end controls row */}
  1107 |         </div>{/* end time animation controls */}
> 1108 |       </div>{/* end chart container */}
       |             ^
  1109 |
  1110 |       {/* Planet info panel — overlaid on bottom-left of the chart */}
  1111 |       {selectedPlanet && (

Parsing ecmascript source code failed

Import traces:
  Client Component Browser:
    ./src/components/sky/LiveSkyMap.tsx [Client Component Browser]
    ./src/app/[locale]/sky/page.tsx [Client Component Browser]
    ./src/app/[locale]/sky/page.tsx [Server Component]

  Client Component SSR:
    ./src/components/sky/LiveSkyMap.tsx [Client Component SSR]
    ./src/app/[locale]/sky/page.tsx [Client Component SSR]
    ./src/app/[locale]/sky/page.tsx [Server Component] @ http://localhost:3000/_next/static/chunks/node_modules_next_dist_115brz8._.js:3272
[   95587ms] [ERROR] Failed to load resource: the server responded with a status of 500 (Internal Server Error) @ http://localhost:3000/en/sky?_rsc=1kvrf:0
[   95589ms] [LOG] %c[Vercel Speed Insights]%c [vitals] color: rgb(120, 120, 120) color: inherit {speed: 4g, metrics: Array(3), scriptVersion: 0.1.3, sdkName: @vercel/speed-insights/next, sdkVersion: 2.0.0} /_vercel/speed-insights/vitals @ http://localhost:3000/_next/static/chunks/node_modules_next_dist_115brz8._.js:2431
[   95590ms] [LOG] %c[Vercel Speed Insights]%c [vitals] color: rgb(120, 120, 120) color: inherit {speed: 4g, metrics: Array(1), scriptVersion: 0.1.3, sdkName: @vercel/speed-insights/next, sdkVersion: 2.0.0} /_vercel/speed-insights/vitals @ http://localhost:3000/_next/static/chunks/node_modules_next_dist_115brz8._.js:2431
[   95591ms] [ERROR] Failed to load resource: the server responded with a status of 500 (Internal Server Error) @ http://localhost:3000/en/sky:0
[   95647ms] [INFO] %cDownload the React DevTools for a better development experience: https://react.dev/link/react-devtools font-weight:bold @ http://localhost:3000/_next/static/chunks/node_modules_react-dom_0bruynb._.js:15305
[   95654ms] Error: ./src/components/sky/LiveSkyMap.tsx:1108:13
Expected ',', got '{'
  1106 |           </div>{/* end controls row */}
  1107 |         </div>{/* end time animation controls */}
> 1108 |       </div>{/* end chart container */}
       |             ^
  1109 |
  1110 |       {/* Planet info panel — overlaid on bottom-left of the chart */}
  1111 |       {selectedPlanet && (

Parsing ecmascript source code failed

Import traces:
  Client Component Browser:
    ./src/components/sky/LiveSkyMap.tsx [Client Component Browser]
    ./src/app/[locale]/sky/page.tsx [Client Component Browser]
    ./src/app/[locale]/sky/page.tsx [Server Component]

  Client Component SSR:
    ./src/components/sky/LiveSkyMap.tsx [Client Component SSR]
    ./src/app/[locale]/sky/page.tsx [Client Component SSR]
    ./src/app/[locale]/sky/page.tsx [Server Component]


    at <unknown> (Error: ./src/components/sky/LiveSkyMap.tsx:1108:13)
    at Object.getCompilationErrors (file:///Users/adityakumar/Desktop/venture/panchang/node_modules/next/dist/server/dev/hot-reloader-turbopack.js:1186:59)
    at DevBundlerService.getCompilationError (file:///Users/adityakumar/Desktop/venture/panchang/node_modules/next/dist/server/lib/dev-bundler-service.js:44:55)
    at DevServer.getCompilationError (file:///Users/adityakumar/Desktop/venture/panchang/node_modules/next/dist/server/dev/next-dev-server.js:719:42)
    at DevServer.findPageComponents (file:///Users/adityakumar/Desktop/venture/panchang/node_modules/next/dist/server/dev/next-dev-server.js:689:43)
    at async DevServer.renderErrorToResponseImpl (file:///Users/adityakumar/Desktop/venture/panchang/node_modules/next/dist/server/base-server.js:1745:26)
[   95661ms] [LOG] [HMR] connected @ http://localhost:3000/_next/static/chunks/node_modules_next_dist_0u_w_5s._.js:1226
[   95680ms] [ERROR] ./src/components/sky/LiveSkyMap.tsx:1108:13
Expected ',', got '{'
  1106 |           </div>{/* end controls row */}
  1107 |         </div>{/* end time animation controls */}
> 1108 |       </div>{/* end chart container */}
       |             ^
  1109 |
  1110 |       {/* Planet info panel — overlaid on bottom-left of the chart */}
  1111 |       {selectedPlanet && (

Parsing ecmascript source code failed

Import traces:
  Client Component Browser:
    ./src/components/sky/LiveSkyMap.tsx [Client Component Browser]
    ./src/app/[locale]/sky/page.tsx [Client Component Browser]
    ./src/app/[locale]/sky/page.tsx [Server Component]

  Client Component SSR:
    ./src/components/sky/LiveSkyMap.tsx [Client Component SSR]
    ./src/app/[locale]/sky/page.tsx [Client Component SSR]
    ./src/app/[locale]/sky/page.tsx [Server Component] @ http://localhost:3000/_next/static/chunks/node_modules_next_dist_0u_w_5s._.js:1945
[   95780ms] [ERROR] ./src/components/sky/LiveSkyMap.tsx:1108:13
Expected ',', got '{'
  1106 |           </div>{/* end controls row */}
  1107 |         </div>{/* end time animation controls */}
> 1108 |       </div>{/* end chart container */}
       |             ^
  1109 |
  1110 |       {/* Planet info panel — overlaid on bottom-left of the chart */}
  1111 |       {selectedPlanet && (

Parsing ecmascript source code failed

Import traces:
  Client Component Browser:
    ./src/components/sky/LiveSkyMap.tsx [Client Component Browser]
    ./src/app/[locale]/sky/page.tsx [Client Component Browser]
    ./src/app/[locale]/sky/page.tsx [Server Component]

  Client Component SSR:
    ./src/components/sky/LiveSkyMap.tsx [Client Component SSR]
    ./src/app/[locale]/sky/page.tsx [Client Component SSR]
    ./src/app/[locale]/sky/page.tsx [Server Component] @ http://localhost:3000/_next/static/chunks/node_modules_next_dist_0u_w_5s._.js:1945
[  106873ms] [LOG] [Fast Refresh] rebuilding @ http://localhost:3000/_next/static/chunks/node_modules_next_dist_0u_w_5s._.js:1226
[  106898ms] [ERROR] ./src/components/sky/LiveSkyMap.tsx:1108:13
Expected ',', got '{'
  1106 |           </div>{/* end controls row */}
  1107 |         </div>{/* end time animation controls */}
> 1108 |       </div>{/* end chart container */}
       |             ^
  1109 |
  1110 |       {/* Planet info panel — overlaid on bottom-left of the chart */}
  1111 |       {selectedPlanet && (

Parsing ecmascript source code failed

Import traces:
  Client Component Browser:
    ./src/components/sky/LiveSkyMap.tsx [Client Component Browser]
    ./src/app/[locale]/sky/page.tsx [Client Component Browser]
    ./src/app/[locale]/sky/page.tsx [Server Component]

  Client Component SSR:
    ./src/components/sky/LiveSkyMap.tsx [Client Component SSR]
    ./src/app/[locale]/sky/page.tsx [Client Component SSR]
    ./src/app/[locale]/sky/page.tsx [Server Component] @ http://localhost:3000/_next/static/chunks/node_modules_next_dist_0u_w_5s._.js:1945
[  106957ms] [ERROR] Failed to load resource: the server responded with a status of 500 (Internal Server Error) @ http://localhost:3000/en/sky:0
[  107022ms] [INFO] %cDownload the React DevTools for a better development experience: https://react.dev/link/react-devtools font-weight:bold @ http://localhost:3000/_next/static/chunks/node_modules_react-dom_0bruynb._.js:15305
[  107029ms] Error: ./src/components/sky/LiveSkyMap.tsx:1108:13
Expected ',', got '{'
  1106 |           </div>{/* end controls row */}
  1107 |         </div>{/* end time animation controls */}
> 1108 |       </div>{/* end chart container */}
       |             ^
  1109 |
  1110 |       {/* Planet info panel — overlaid on bottom-left of the chart */}
  1111 |       {selectedPlanet && (

Parsing ecmascript source code failed

Import traces:
  Client Component Browser:
    ./src/components/sky/LiveSkyMap.tsx [Client Component Browser]
    ./src/app/[locale]/sky/page.tsx [Client Component Browser]
    ./src/app/[locale]/sky/page.tsx [Server Component]

  Client Component SSR:
    ./src/components/sky/LiveSkyMap.tsx [Client Component SSR]
    ./src/app/[locale]/sky/page.tsx [Client Component SSR]
    ./src/app/[locale]/sky/page.tsx [Server Component]


    at <unknown> (Error: ./src/components/sky/LiveSkyMap.tsx:1108:13)
    at Object.getCompilationErrors (file:///Users/adityakumar/Desktop/venture/panchang/node_modules/next/dist/server/dev/hot-reloader-turbopack.js:1186:59)
    at DevBundlerService.getCompilationError (file:///Users/adityakumar/Desktop/venture/panchang/node_modules/next/dist/server/lib/dev-bundler-service.js:44:55)
    at DevServer.getCompilationError (file:///Users/adityakumar/Desktop/venture/panchang/node_modules/next/dist/server/dev/next-dev-server.js:719:42)
    at DevServer.findPageComponents (file:///Users/adityakumar/Desktop/venture/panchang/node_modules/next/dist/server/dev/next-dev-server.js:689:43)
    at async DevServer.renderErrorToResponseImpl (file:///Users/adityakumar/Desktop/venture/panchang/node_modules/next/dist/server/base-server.js:1745:26)
[  107038ms] [LOG] [HMR] connected @ http://localhost:3000/_next/static/chunks/node_modules_next_dist_0u_w_5s._.js:1226
[  107050ms] [ERROR] ./src/components/sky/LiveSkyMap.tsx:1108:13
Expected ',', got '{'
  1106 |           </div>{/* end controls row */}
  1107 |         </div>{/* end time animation controls */}
> 1108 |       </div>{/* end chart container */}
       |             ^
  1109 |
  1110 |       {/* Planet info panel — overlaid on bottom-left of the chart */}
  1111 |       {selectedPlanet && (

Parsing ecmascript source code failed

Import traces:
  Client Component Browser:
    ./src/components/sky/LiveSkyMap.tsx [Client Component Browser]
    ./src/app/[locale]/sky/page.tsx [Client Component Browser]
    ./src/app/[locale]/sky/page.tsx [Server Component]

  Client Component SSR:
    ./src/components/sky/LiveSkyMap.tsx [Client Component SSR]
    ./src/app/[locale]/sky/page.tsx [Client Component SSR]
    ./src/app/[locale]/sky/page.tsx [Server Component] @ http://localhost:3000/_next/static/chunks/node_modules_next_dist_0u_w_5s._.js:1945
[  107084ms] [ERROR] ./src/components/sky/LiveSkyMap.tsx:1108:13
Expected ',', got '{'
  1106 |           </div>{/* end controls row */}
  1107 |         </div>{/* end time animation controls */}
> 1108 |       </div>{/* end chart container */}
       |             ^
  1109 |
  1110 |       {/* Planet info panel — overlaid on bottom-left of the chart */}
  1111 |       {selectedPlanet && (

Parsing ecmascript source code failed

Import traces:
  Client Component Browser:
    ./src/components/sky/LiveSkyMap.tsx [Client Component Browser]
    ./src/app/[locale]/sky/page.tsx [Client Component Browser]
    ./src/app/[locale]/sky/page.tsx [Server Component]

  Client Component SSR:
    ./src/components/sky/LiveSkyMap.tsx [Client Component SSR]
    ./src/app/[locale]/sky/page.tsx [Client Component SSR]
    ./src/app/[locale]/sky/page.tsx [Server Component] @ http://localhost:3000/_next/static/chunks/node_modules_next_dist_0u_w_5s._.js:1945
[  107130ms] [ERROR] ./src/components/sky/LiveSkyMap.tsx:1108:13
Expected ',', got '{'
  1106 |           </div>{/* end controls row */}
  1107 |         </div>{/* end time animation controls */}
> 1108 |       </div>{/* end chart container */}
       |             ^
  1109 |
  1110 |       {/* Planet info panel — overlaid on bottom-left of the chart */}
  1111 |       {selectedPlanet && (

Parsing ecmascript source code failed

Import traces:
  Client Component Browser:
    ./src/components/sky/LiveSkyMap.tsx [Client Component Browser]
    ./src/app/[locale]/sky/page.tsx [Client Component Browser]
    ./src/app/[locale]/sky/page.tsx [Server Component]

  Client Component SSR:
    ./src/components/sky/LiveSkyMap.tsx [Client Component SSR]
    ./src/app/[locale]/sky/page.tsx [Client Component SSR]
    ./src/app/[locale]/sky/page.tsx [Server Component] @ http://localhost:3000/_next/static/chunks/node_modules_next_dist_0u_w_5s._.js:1945
[  107187ms] [LOG] [Fast Refresh] rebuilding @ http://localhost:3000/_next/static/chunks/node_modules_next_dist_0u_w_5s._.js:1226
[  116685ms] [LOG] [Fast Refresh] rebuilding @ http://localhost:3000/_next/static/chunks/node_modules_next_dist_0u_w_5s._.js:1226
[  116743ms] [LOG] [Fast Refresh] done in 144ms @ http://localhost:3000/_next/static/chunks/node_modules_next_dist_0u_w_5s._.js:1226
[  116872ms] [LOG] [Fast Refresh] rebuilding @ http://localhost:3000/_next/static/chunks/node_modules_next_dist_0u_w_5s._.js:1226
[  116908ms] [LOG] [Fast Refresh] done in 136ms @ http://localhost:3000/_next/static/chunks/node_modules_next_dist_0u_w_5s._.js:1226
[  119616ms] [INFO] %cDownload the React DevTools for a better development experience: https://react.dev/link/react-devtools font-weight:bold @ http://localhost:3000/_next/static/chunks/node_modules_next_dist_115brz8._.js:2431
[  119639ms] [LOG] [HMR] connected @ http://localhost:3000/_next/static/chunks/node_modules_next_dist_115brz8._.js:2431
[  119719ms] [LOG] %c[Vercel Web Analytics]%c Debug mode is enabled by default in development. No requests will be sent to the server. color: rgb(120, 120, 120) color: inherit @ http://localhost:3000/_next/static/chunks/node_modules_next_dist_115brz8._.js:2431
[  119719ms] [LOG] %c[Vercel Web Analytics]%c [view] http://localhost:3000/en/sky color: rgb(120, 120, 120) color: inherit {o: http://localhost:3000/en/sky, sv: 0.1.3, sdkn: @vercel/analytics/react, sdkv: 2.0.1, ts: 1777151139606} /_vercel/insights/view @ http://localhost:3000/_next/static/chunks/node_modules_next_dist_115brz8._.js:2431
[  119730ms] [LOG] %c[Vercel Speed Insights]%c Debug mode is enabled by default in development. No requests will be sent to the server. color: rgb(120, 120, 120) color: inherit @ http://localhost:3000/_next/static/chunks/node_modules_next_dist_115brz8._.js:2431
[  120130ms] [LOG] [Fast Refresh] rebuilding @ http://localhost:3000/_next/static/chunks/node_modules_next_dist_115brz8._.js:2431
[  120139ms] [LOG] [Fast Refresh] done in 111ms @ http://localhost:3000/_next/static/chunks/node_modules_next_dist_115brz8._.js:2431
[  120534ms] [LOG] [Fast Refresh] rebuilding @ http://localhost:3000/_next/static/chunks/node_modules_next_dist_115brz8._.js:2431
[  122244ms] [LOG] [Fast Refresh] done in 1812ms @ http://localhost:3000/_next/static/chunks/node_modules_next_dist_115brz8._.js:2431
[  138637ms] [LOG] [Fast Refresh] rebuilding @ http://localhost:3000/_next/static/chunks/node_modules_next_dist_115brz8._.js:2431
[  141368ms] [LOG] [Fast Refresh] done in 2832ms @ http://localhost:3000/_next/static/chunks/node_modules_next_dist_115brz8._.js:2431
[  143851ms] [LOG] [Fast Refresh] rebuilding @ http://localhost:3000/_next/static/chunks/node_modules_next_dist_115brz8._.js:2431
[  143937ms] [LOG] [Fast Refresh] done in 186ms @ http://localhost:3000/_next/static/chunks/node_modules_next_dist_115brz8._.js:2431
[  179725ms] [LOG] [Fast Refresh] rebuilding @ http://localhost:3000/_next/static/chunks/node_modules_next_dist_115brz8._.js:2431
[  179926ms] [LOG] [Fast Refresh] done in 302ms @ http://localhost:3000/_next/static/chunks/node_modules_next_dist_115brz8._.js:2431
[  213132ms] [LOG] [Fast Refresh] rebuilding @ http://localhost:3000/_next/static/chunks/node_modules_next_dist_115brz8._.js:2431
[  213200ms] [LOG] [Fast Refresh] done in 169ms @ http://localhost:3000/_next/static/chunks/node_modules_next_dist_115brz8._.js:2431
