[    2289ms] [ERROR] Access to XMLHttpRequest at 'https://play.google.com/log?format=json&hasfast=true' from origin 'chrome-untrusted://new-tab-page' has been blocked by CORS policy: Response to preflight request doesn't pass access control check: No 'Access-Control-Allow-Origin' header is present on the requested resource. @ chrome-untrusted://new-tab-page/one-google-bar?paramsencoded=:0
[    2289ms] [ERROR] Failed to load resource: net::ERR_FAILED @ https://play.google.com/log?format=json&hasfast=true:0
[    4412ms] [ERROR] Access to XMLHttpRequest at 'https://play.google.com/log?format=json&hasfast=true' from origin 'chrome-untrusted://new-tab-page' has been blocked by CORS policy: Response to preflight request doesn't pass access control check: No 'Access-Control-Allow-Origin' header is present on the requested resource. @ chrome-untrusted://new-tab-page/one-google-bar?paramsencoded=:0
[    4413ms] [ERROR] Failed to load resource: net::ERR_FAILED @ https://play.google.com/log?format=json&hasfast=true:0
[    8581ms] [ERROR] Access to XMLHttpRequest at 'https://play.google.com/log?format=json&hasfast=true' from origin 'chrome-untrusted://new-tab-page' has been blocked by CORS policy: Response to preflight request doesn't pass access control check: No 'Access-Control-Allow-Origin' header is present on the requested resource. @ chrome-untrusted://new-tab-page/one-google-bar?paramsencoded=:0
[    8581ms] [ERROR] Failed to load resource: net::ERR_FAILED @ https://play.google.com/log?format=json&hasfast=true:0
[   17200ms] [ERROR] Access to XMLHttpRequest at 'https://play.google.com/log?format=json&hasfast=true' from origin 'chrome-untrusted://new-tab-page' has been blocked by CORS policy: Response to preflight request doesn't pass access control check: No 'Access-Control-Allow-Origin' header is present on the requested resource. @ chrome-untrusted://new-tab-page/one-google-bar?paramsencoded=:0
[   17201ms] [ERROR] Failed to load resource: net::ERR_FAILED @ https://play.google.com/log?format=json&hasfast=true:0
[   33769ms] [ERROR] Access to XMLHttpRequest at 'https://play.google.com/log?format=json&hasfast=true' from origin 'chrome-untrusted://new-tab-page' has been blocked by CORS policy: Response to preflight request doesn't pass access control check: No 'Access-Control-Allow-Origin' header is present on the requested resource. @ chrome-untrusted://new-tab-page/one-google-bar?paramsencoded=:0
[   33769ms] [ERROR] Failed to load resource: net::ERR_FAILED @ https://play.google.com/log?format=json&hasfast=true:0
[   67619ms] [ERROR] Access to XMLHttpRequest at 'https://play.google.com/log?format=json&hasfast=true' from origin 'chrome-untrusted://new-tab-page' has been blocked by CORS policy: Response to preflight request doesn't pass access control check: No 'Access-Control-Allow-Origin' header is present on the requested resource. @ chrome-untrusted://new-tab-page/one-google-bar?paramsencoded=:0
[   67620ms] [ERROR] Failed to load resource: net::ERR_FAILED @ https://play.google.com/log?format=json&hasfast=true:0
[  135068ms] [ERROR] Access to XMLHttpRequest at 'https://play.google.com/log?format=json&hasfast=true' from origin 'chrome-untrusted://new-tab-page' has been blocked by CORS policy: Response to preflight request doesn't pass access control check: No 'Access-Control-Allow-Origin' header is present on the requested resource. @ chrome-untrusted://new-tab-page/one-google-bar?paramsencoded=:0
[  135068ms] [ERROR] Failed to load resource: net::ERR_FAILED @ https://play.google.com/log?format=json&hasfast=true:0
[  272140ms] [ERROR] Access to XMLHttpRequest at 'https://play.google.com/log?format=json&hasfast=true' from origin 'chrome-untrusted://new-tab-page' has been blocked by CORS policy: Response to preflight request doesn't pass access control check: No 'Access-Control-Allow-Origin' header is present on the requested resource. @ chrome-untrusted://new-tab-page/one-google-bar?paramsencoded=:0
[  272141ms] [ERROR] Failed to load resource: net::ERR_FAILED @ https://play.google.com/log?format=json&hasfast=true:0
[  533024ms] [ERROR] Access to XMLHttpRequest at 'https://play.google.com/log?format=json&hasfast=true' from origin 'chrome-untrusted://new-tab-page' has been blocked by CORS policy: Response to preflight request doesn't pass access control check: No 'Access-Control-Allow-Origin' header is present on the requested resource. @ chrome-untrusted://new-tab-page/one-google-bar?paramsencoded=:0
[  533025ms] [ERROR] Failed to load resource: net::ERR_FAILED @ https://play.google.com/log?format=json&hasfast=true:0
[  601199ms] [ERROR] Access to XMLHttpRequest at 'https://play.google.com/log?format=json&hasfast=true' from origin 'chrome-untrusted://new-tab-page' has been blocked by CORS policy: Response to preflight request doesn't pass access control check: No 'Access-Control-Allow-Origin' header is present on the requested resource. @ chrome-untrusted://new-tab-page/one-google-bar?paramsencoded=:0
[  601200ms] [ERROR] Failed to load resource: net::ERR_FAILED @ https://play.google.com/log?format=json&hasfast=true:0
[  882340ms] [ERROR] Access to XMLHttpRequest at 'https://play.google.com/log?format=json&hasfast=true' from origin 'chrome-untrusted://new-tab-page' has been blocked by CORS policy: Response to preflight request doesn't pass access control check: No 'Access-Control-Allow-Origin' header is present on the requested resource. @ chrome-untrusted://new-tab-page/one-google-bar?paramsencoded=:0
[  882340ms] [ERROR] Failed to load resource: net::ERR_FAILED @ https://play.google.com/log?format=json&hasfast=true:0
[ 1169846ms] [ERROR] Access to XMLHttpRequest at 'https://play.google.com/log?format=json&hasfast=true' from origin 'chrome-untrusted://new-tab-page' has been blocked by CORS policy: Response to preflight request doesn't pass access control check: No 'Access-Control-Allow-Origin' header is present on the requested resource. @ chrome-untrusted://new-tab-page/one-google-bar?paramsencoded=:0
[ 1169846ms] [ERROR] Failed to load resource: net::ERR_FAILED @ https://play.google.com/log?format=json&hasfast=true:0
[ 1200831ms] [ERROR] Access to XMLHttpRequest at 'https://play.google.com/log?format=json&hasfast=true' from origin 'chrome-untrusted://new-tab-page' has been blocked by CORS policy: Response to preflight request doesn't pass access control check: No 'Access-Control-Allow-Origin' header is present on the requested resource. @ chrome-untrusted://new-tab-page/one-google-bar?paramsencoded=:0
[ 1200831ms] [ERROR] Failed to load resource: net::ERR_FAILED @ https://play.google.com/log?format=json&hasfast=true:0
